<?xml version="1.0" encoding="UTF-8" ?>
<testsuite tests="1" failures="0" name="spring.test.LifeCycleTest" time="0.021" errors="0" skipped="0">
  <properties>
    <property name="java.runtime.name" value="Java(TM) SE Runtime Environment"/>
    <property name="java.vm.version" value="11+28"/>
    <property name="sun.boot.library.path" value="D:\Download\jdk-11\bin"/>
    <property name="maven.multiModuleProjectDirectory" value="D:\mySSM\spring_ioc_xml"/>
    <property name="java.vm.vendor" value="Oracle Corporation"/>
    <property name="java.vendor.url" value="http://java.oracle.com/"/>
    <property name="guice.disable.misplaced.annotation.check" value="true"/>
    <property name="path.separator" value=";"/>
    <property name="java.vm.name" value="Java HotSpot(TM) 64-Bit Server VM"/>
    <property name="sun.os.patch.level" value=""/>
    <property name="user.script" value=""/>
    <property name="user.country" value="CN"/>
    <property name="sun.java.launcher" value="SUN_STANDARD"/>
    <property name="java.vm.specification.name" value="Java Virtual Machine Specification"/>
    <property name="user.dir" value="D:\mySSM\spring_ioc_xml"/>
    <property name="java.vm.compressedOopsMode" value="Zero based"/>
    <property name="java.runtime.version" value="11+28"/>
    <property name="java.awt.graphicsenv" value="sun.awt.Win32GraphicsEnvironment"/>
    <property name="os.arch" value="amd64"/>
    <property name="java.io.tmpdir" value="C:\Users\86187\AppData\Local\Temp\"/>
    <property name="line.separator" value="
"/>
    <property name="java.vm.specification.vendor" value="Oracle Corporation"/>
    <property name="user.variant" value=""/>
    <property name="os.name" value="Windows 10"/>
    <property name="idea.version2020.1" value="true"/>
    <property name="maven.ext.class.path" value="D:\Download\IntelliJ IDEA 2020.1\plugins\maven\lib\maven-event-listener.jar"/>
    <property name="classworlds.conf" value="D:\Download\apache-maven-3.5.2-bin\apache-maven-3.5.2\bin\m2.conf"/>
    <property name="sun.jnu.encoding" value="GBK"/>
    <property name="java.library.path" value="D:\Download\jdk-11\bin;C:\WINDOWS\Sun\Java\bin;C:\WINDOWS\system32;C:\WINDOWS;D:\Download\oracle\product\11.2.0\dbhome_2\bin;D:\Download\oracle\product\11.2.0\dbhome_1\bin;D:\Download\oracle19c\bin;D:\Download\VMware16.0\bin\;D:\Download\jdk-11\bin；C:\Windows\system32;C:\Windows;C:\Windows\System32\Wbem;C:\Windows\System32\WindowsPowerShell\v1.0\;C:\Windows\System32\OpenSSH\;C:\Program Files (x86)\NVIDIA Corporation\PhysX\Common;C:\Program Files\NVIDIA Corporation\NVIDIA NvDLISR;C:\WINDOWS\system32;C:\WINDOWS;C:\WINDOWS\System32\Wbem;C:\WINDOWS\System32\WindowsPowerShell\v1.0\;D:\Download\jdk-11\bin；C:\WINDOWS\System32\OpenSSH\;C:\Program Files (x86)\QuickTime\QTSystem\;D:\BaiduNetdiskDownload\bin;C:\Program Files (x86)\Tencent\QQ\Bin;D:\Download\bin;D:\Download\mysql\bin;D:\Download\apache-maven-3.5.2-bin\apache-maven-3.5.2\bin;D:\Download\python3.10\Scripts\;D:\Download\python3.10\;C:\Users\86187\AppData\Local\Microsoft\WindowsApps;C:\Users\86187\AppData\Local\Microsoft\WindowsApps;D:\softdownload\PyCharm 2020.1\bin;;C:\Program Files (x86)\Tencent\QQGameTempest\Hall.57915\;D:\Download\IntelliJ IDEA 2020.1\bin;;."/>
    <property name="maven.conf" value="D:\Download\apache-maven-3.5.2-bin\apache-maven-3.5.2/conf"/>
    <property name="jdk.debug" value="release"/>
    <property name="java.class.version" value="55.0"/>
    <property name="java.specification.name" value="Java Platform API Specification"/>
    <property name="sun.management.compiler" value="HotSpot 64-Bit Tiered Compilers"/>
    <property name="maven.repo.local" value="D:\Download\apache-maven-3.5.2-bin\maven_repository"/>
    <property name="os.version" value="10.0"/>
    <property name="user.home" value="C:\Users\86187"/>
    <property name="user.timezone" value="Asia/Shanghai"/>
    <property name="java.awt.printerjob" value="sun.awt.windows.WPrinterJob"/>
    <property name="file.encoding" value="UTF-8"/>
    <property name="java.specification.version" value="11"/>
    <property name="user.name" value="86187"/>
    <property name="java.class.path" value="D:\Download\apache-maven-3.5.2-bin\apache-maven-3.5.2\boot\plexus-classworlds-2.5.2.jar"/>
    <property name="java.vm.specification.version" value="11"/>
    <property name="sun.arch.data.model" value="64"/>
    <property name="sun.java.command" value="org.codehaus.classworlds.Launcher -Didea.version2020.1 --update-snapshots -s D:\Download\apache-maven-3.5.2-bin\apache-maven-3.5.2\conf\settings.xml -Dmaven.repo.local=D:\Download\apache-maven-3.5.2-bin\maven_repository install"/>
    <property name="java.home" value="D:\Download\jdk-11"/>
    <property name="user.language" value="zh"/>
    <property name="java.specification.vendor" value="Oracle Corporation"/>
    <property name="awt.toolkit" value="sun.awt.windows.WToolkit"/>
    <property name="java.vm.info" value="mixed mode"/>
    <property name="java.version" value="11"/>
    <property name="java.vendor" value="Oracle Corporation"/>
    <property name="maven.home" value="D:\Download\apache-maven-3.5.2-bin\apache-maven-3.5.2"/>
    <property name="file.separator" value="\"/>
    <property name="java.version.date" value="2018-09-25"/>
    <property name="java.vendor.url.bug" value="http://bugreport.java.com/bugreport/"/>
    <property name="sun.io.unicode.encoding" value="UnicodeLittle"/>
    <property name="sun.cpu.endian" value="little"/>
    <property name="java.vendor.version" value="18.9"/>
    <property name="sun.desktop" value="windows"/>
    <property name="sun.cpu.isalist" value="amd64"/>
  </properties>
  <testcase classname="spring.test.LifeCycleTest" name="test" time="0.021"/>
</testsuite>